<?xml version="1.0" encoding="UTF-8"?>
<testng-results ignored="0" total="1" passed="1" failed="0" skipped="0">
  <reporter-output>
  </reporter-output>
  <suite started-at="2023-09-14T21:55:21 IST" name="Default suite" finished-at="2023-09-14T21:56:24 IST" duration-ms="63121">
    <groups>
    </groups>
    <test started-at="2023-09-14T21:55:21 IST" name="Default test" finished-at="2023-09-14T21:56:24 IST" duration-ms="63121">
      <class name="testCases.TestExecution">
        <test-method signature="loginPass()[pri:0, instance:testCases.TestExecution@57d7f8ca]" started-at="2023-09-14T21:55:21 IST" name="loginPass" finished-at="2023-09-14T21:56:24 IST" duration-ms="63068" status="PASS">
          <reporter-output>
          </reporter-output>
        </test-method> <!-- loginPass -->
      </class> <!-- testCases.TestExecution -->
    </test> <!-- Default test -->
  </suite> <!-- Default suite -->
</testng-results>
